<?xml version="1.0" encoding="UTF-8"?>
<!-- Generated by org.testng.reporters.JUnitXMLReporter -->
<testsuite ignored="4" hostname="W-7FM3M13" failures="0" tests="7" name="Test" time="20.844" errors="0" timestamp="2020-11-02T14:58:14 IST">
  <testcase classname="com.test.testcases.Test_SignUpCAI" name="@BeforeTest setUp1" time="5.788">
    <failure type="java.lang.NullPointerException" message="Cannot invoke &amp;quot;com.aventstack.extentreports.ExtentReports.createTest(String)&amp;quot; because &amp;quot;this.extent&amp;quot; is null">
      <![CDATA[java.lang.NullPointerException: Cannot invoke "com.aventstack.extentreports.ExtentReports.createTest(String)" because "this.extent" is null
at com.test.testcases.Test_SignUpCAI.setUp1(Test_SignUpCAI.java:47)
... Removed 24 stack frames]]>
    </failure>
  </testcase> <!-- @BeforeTest setUp1 -->
  <testcase classname="com.test.testcases.Test_SignUpCAI_ExtntRpt" name="@BeforeTest setUp1" time="-1.604309294405E9">
    <skipped/>
  </testcase> <!-- @BeforeTest setUp1 -->
  <testcase classname="com.test.testcases.BaseTest" name="@AfterMethod afterMethod" time="-1.604309294594E9">
    <skipped/>
  </testcase> <!-- @AfterMethod afterMethod -->
  <testcase classname="com.test.testcases.BaseTest" name="@AfterMethod afterMethod" time="-1.604309294605E9">
    <skipped/>
  </testcase> <!-- @AfterMethod afterMethod -->
  <testcase classname="com.test.testcases.Test_ExtentReport_TestNG" name="@AfterTest afterTest" time="-1.604309294607E9">
    <skipped/>
  </testcase> <!-- @AfterTest afterTest -->
  <testcase classname="com.test.testcases.Test_GoogleSearch_TestNG" name="@AfterTest tearDown" time="-1.60430929461E9">
    <skipped/>
  </testcase> <!-- @AfterTest tearDown -->
  <testcase classname="com.test.testcases.Test_GoogleSearch_TestNG2" name="@AfterTest tearDown" time="-1.604309294613E9">
    <skipped/>
  </testcase> <!-- @AfterTest tearDown -->
  <testcase classname="com.test.testcases.Test_SignUpCAI" name="@AfterTest tearDown" time="-1.604309294614E9">
    <skipped/>
  </testcase> <!-- @AfterTest tearDown -->
  <testcase classname="com.test.testcases.Test_SignUpCAI_ExtntRpt" name="@AfterTest tearDown" time="-1.604309294616E9">
    <skipped/>
  </testcase> <!-- @AfterTest tearDown -->
  <testcase classname="com.test.testcases.Test_ExtentReport_TestNG" name="test" time="0.0">
    <skipped/>
  </testcase> <!-- test -->
  <testcase classname="com.test.testcases.Test_ExtentReport_TestNG" name="test2" time="0.0">
    <skipped/>
  </testcase> <!-- test2 -->
  <testcase classname="com.test.testcases.Test_GoogleSearch_TestNG" name="googleSearch" time="0.0">
    <skipped/>
  </testcase> <!-- googleSearch -->
  <testcase classname="com.test.testcases.Test_GoogleSearch_TestNG2" name="googleSearch2" time="0.0">
    <skipped/>
  </testcase> <!-- googleSearch2 -->
  <testcase classname="com.test.testcases.Test_GoogleSearch_TestNG2" name="googleSearch3" time="0.0">
    <skipped/>
  </testcase> <!-- googleSearch3 -->
  <testcase classname="com.test.testcases.Test_SignUpCAI" name="signUPConversationalAI" time="0.0">
    <skipped/>
  </testcase> <!-- signUPConversationalAI -->
  <testcase classname="com.test.testcases.Test_SignUpCAI_ExtntRpt" name="signUPConversationalAI" time="0.0">
    <skipped/>
  </testcase> <!-- signUPConversationalAI -->
  <testcase classname="com.test.testcases.BaseTest" name="@BeforeSuite setUp" time="0.0">
    <ignored/>
  </testcase> <!-- @BeforeSuite setUp -->
  <testcase classname="com.test.testcases.BaseTest" name="@BeforeSuite setUp" time="0.0">
    <ignored/>
  </testcase> <!-- @BeforeSuite setUp -->
  <testcase classname="com.test.testcases.BaseTest" name="@AfterSuite afterSuite" time="0.0">
    <ignored/>
  </testcase> <!-- @AfterSuite afterSuite -->
  <testcase classname="com.test.testcases.BaseTest" name="@AfterSuite afterSuite" time="0.0">
    <ignored/>
  </testcase> <!-- @AfterSuite afterSuite -->
</testsuite> <!-- Test -->
