<?xml version="1.0" encoding="UTF-8"?>
<!-- Generated by org.testng.reporters.JUnitXMLReporter -->
<testsuite ignored="0" hostname="W-7FM3M13" failures="3" tests="6" name="Platform Sign Up" time="5.048" errors="0" timestamp="2020-11-30T18:25:23 IST">
  <testcase classname="com.test.testcases.PlatformSignUpTest" name="signUpConversationalAI" time="0.868">
    <skipped/>
  </testcase> <!-- signUpConversationalAI -->
  <testcase classname="com.test.testcases.PlatformSignUpTest" name="signUpConversationalAI" time="0.579">
    <failure type="java.lang.NoSuchMethodError" message="&amp;apos;java.lang.String org.apache.commons.io.IOUtils.toString(java.io.InputStream, java.nio.charset.Charset)&amp;apos;">
      <![CDATA[java.lang.NoSuchMethodError: 'java.lang.String org.apache.commons.io.IOUtils.toString(java.io.InputStream, java.nio.charset.Charset)'
at io.github.bonigarcia.wdm.versions.Shell.runAndWaitNoLog(Shell.java:66)
at io.github.bonigarcia.wdm.versions.Shell.runAndWaitArray(Shell.java:55)
at io.github.bonigarcia.wdm.versions.Shell.runAndWait(Shell.java:49)
at io.github.bonigarcia.wdm.versions.VersionDetector.getBrowserVersionInWindows(VersionDetector.java:220)
at io.github.bonigarcia.wdm.versions.VersionDetector.getDefaultBrowserVersion(VersionDetector.java:180)
at io.github.bonigarcia.wdm.managers.ChromeDriverManager.getBrowserVersionFromTheShell(ChromeDriverManager.java:124)
at io.github.bonigarcia.wdm.WebDriverManager.detectBrowserVersion(WebDriverManager.java:718)
at io.github.bonigarcia.wdm.WebDriverManager.resolveDriverVersion(WebDriverManager.java:587)
at io.github.bonigarcia.wdm.WebDriverManager.manage(WebDriverManager.java:539)
at io.github.bonigarcia.wdm.WebDriverManager.setup(WebDriverManager.java:287)
at com.test.testcases.BaseTest.openBrowser(BaseTest.java:214)
at com.test.testcases.PlatformSignUpTest.signUpConversationalAI(PlatformSignUpTest.java:44)
at java.base/java.util.concurrent.ThreadPoolExecutor.runWorker(ThreadPoolExecutor.java:1128)
at java.base/java.util.concurrent.ThreadPoolExecutor$Worker.run(ThreadPoolExecutor.java:628)
at java.base/java.lang.Thread.run(Thread.java:834)
... Removed 12 stack frames]]>
    </failure>
  </testcase> <!-- signUpConversationalAI -->
  <testcase classname="com.test.testcases.PlatformSignUpTest" name="signUpConversationalAI" time="0.532">
    <skipped/>
  </testcase> <!-- signUpConversationalAI -->
  <testcase classname="com.test.testcases.PlatformSignUpTest" name="signUpConversationalAI" time="0.555">
    <failure type="java.lang.NoSuchMethodError" message="&amp;apos;java.lang.String org.apache.commons.io.IOUtils.toString(java.io.InputStream, java.nio.charset.Charset)&amp;apos;">
      <![CDATA[java.lang.NoSuchMethodError: 'java.lang.String org.apache.commons.io.IOUtils.toString(java.io.InputStream, java.nio.charset.Charset)'
at io.github.bonigarcia.wdm.versions.Shell.runAndWaitNoLog(Shell.java:66)
at io.github.bonigarcia.wdm.versions.Shell.runAndWaitArray(Shell.java:55)
at io.github.bonigarcia.wdm.versions.Shell.runAndWait(Shell.java:49)
at io.github.bonigarcia.wdm.versions.VersionDetector.getBrowserVersionInWindows(VersionDetector.java:220)
at io.github.bonigarcia.wdm.versions.VersionDetector.getDefaultBrowserVersion(VersionDetector.java:180)
at io.github.bonigarcia.wdm.managers.ChromeDriverManager.getBrowserVersionFromTheShell(ChromeDriverManager.java:124)
at io.github.bonigarcia.wdm.WebDriverManager.detectBrowserVersion(WebDriverManager.java:718)
at io.github.bonigarcia.wdm.WebDriverManager.resolveDriverVersion(WebDriverManager.java:587)
at io.github.bonigarcia.wdm.WebDriverManager.manage(WebDriverManager.java:539)
at io.github.bonigarcia.wdm.WebDriverManager.setup(WebDriverManager.java:287)
at com.test.testcases.BaseTest.openBrowser(BaseTest.java:214)
at com.test.testcases.PlatformSignUpTest.signUpConversationalAI(PlatformSignUpTest.java:44)
at java.base/java.util.concurrent.ThreadPoolExecutor.runWorker(ThreadPoolExecutor.java:1128)
at java.base/java.util.concurrent.ThreadPoolExecutor$Worker.run(ThreadPoolExecutor.java:628)
at java.base/java.lang.Thread.run(Thread.java:834)
... Removed 12 stack frames]]>
    </failure>
  </testcase> <!-- signUpConversationalAI -->
  <testcase classname="com.test.testcases.PlatformSignUpTest" name="signUpConversationalAI" time="0.615">
    <skipped/>
  </testcase> <!-- signUpConversationalAI -->
  <testcase classname="com.test.testcases.PlatformSignUpTest" name="signUpConversationalAI" time="0.45">
    <failure type="java.lang.NoSuchMethodError" message="&amp;apos;java.lang.String org.apache.commons.io.IOUtils.toString(java.io.InputStream, java.nio.charset.Charset)&amp;apos;">
      <![CDATA[java.lang.NoSuchMethodError: 'java.lang.String org.apache.commons.io.IOUtils.toString(java.io.InputStream, java.nio.charset.Charset)'
at io.github.bonigarcia.wdm.versions.Shell.runAndWaitNoLog(Shell.java:66)
at io.github.bonigarcia.wdm.versions.Shell.runAndWaitArray(Shell.java:55)
at io.github.bonigarcia.wdm.versions.Shell.runAndWait(Shell.java:49)
at io.github.bonigarcia.wdm.versions.VersionDetector.getBrowserVersionInWindows(VersionDetector.java:220)
at io.github.bonigarcia.wdm.versions.VersionDetector.getDefaultBrowserVersion(VersionDetector.java:180)
at io.github.bonigarcia.wdm.managers.ChromeDriverManager.getBrowserVersionFromTheShell(ChromeDriverManager.java:124)
at io.github.bonigarcia.wdm.WebDriverManager.detectBrowserVersion(WebDriverManager.java:718)
at io.github.bonigarcia.wdm.WebDriverManager.resolveDriverVersion(WebDriverManager.java:587)
at io.github.bonigarcia.wdm.WebDriverManager.manage(WebDriverManager.java:539)
at io.github.bonigarcia.wdm.WebDriverManager.setup(WebDriverManager.java:287)
at com.test.testcases.BaseTest.openBrowser(BaseTest.java:214)
at com.test.testcases.PlatformSignUpTest.signUpConversationalAI(PlatformSignUpTest.java:44)
at java.base/java.util.concurrent.ThreadPoolExecutor.runWorker(ThreadPoolExecutor.java:1128)
at java.base/java.util.concurrent.ThreadPoolExecutor$Worker.run(ThreadPoolExecutor.java:628)
at java.base/java.lang.Thread.run(Thread.java:834)
... Removed 12 stack frames]]>
    </failure>
  </testcase> <!-- signUpConversationalAI -->
</testsuite> <!-- Platform Sign Up -->
