<?xml version="1.0" encoding="UTF-8"?>
<testng-results retried="3" ignored="0" total="6" passed="0" failed="3" skipped="0">
  <reporter-output>
  </reporter-output>
  <suite started-at="2020-11-30T18:25:18 IST" name="Platform Suite" finished-at="2020-11-30T18:25:23 IST" duration-ms="5048">
    <groups>
    </groups>
    <test started-at="2020-11-30T18:25:18 IST" name="Platform Sign Up" finished-at="2020-11-30T18:25:23 IST" duration-ms="5048">
      <class name="com.test.testcases.PlatformSignUpTest">
        <test-method is-config="true" signature="beforeSuite()[pri:0, instance:com.test.testcases.PlatformSignUpTest@5ace1ed4]" started-at="2020-11-30T18:25:18 IST" name="beforeSuite" finished-at="2020-11-30T18:25:18 IST" duration-ms="189" status="PASS">
          <reporter-output>
          </reporter-output>
        </test-method> <!-- beforeSuite -->
        <test-method is-config="true" signature="beforeMethod()[pri:0, instance:com.test.testcases.PlatformSignUpTest@5ace1ed4]" started-at="2020-11-30T18:25:18 IST" name="beforeMethod" finished-at="2020-11-30T18:25:18 IST" duration-ms="6" status="PASS">
          <reporter-output>
          </reporter-output>
        </test-method> <!-- beforeMethod -->
        <test-method retried="true" signature="signUpConversationalAI(java.lang.String, java.lang.String, java.lang.String, java.lang.String)[pri:0, instance:com.test.testcases.PlatformSignUpTest@5ace1ed4]" started-at="2020-11-30T18:25:18 IST" name="signUpConversationalAI" data-provider="data" finished-at="2020-11-30T18:25:19 IST" duration-ms="868" status="SKIP">
          <params>
            <param index="0">
              <value>
                <![CDATA[Ramarajan]]>
              </value>
            </param>
            <param index="1">
              <value>
                <![CDATA[Sampath]]>
              </value>
            </param>
            <param index="2">
              <value>
                <![CDATA[testdqefewfewf@sap.com]]>
              </value>
            </param>
            <param index="3">
              <value>
                <![CDATA[Test$123]]>
              </value>
            </param>
          </params>
          <exception class="java.lang.NoSuchMethodError">
            <message>
              <![CDATA['java.lang.String org.apache.commons.io.IOUtils.toString(java.io.InputStream, java.nio.charset.Charset)']]>
            </message>
            <full-stacktrace>
              <![CDATA[java.lang.NoSuchMethodError: 'java.lang.String org.apache.commons.io.IOUtils.toString(java.io.InputStream, java.nio.charset.Charset)'
at io.github.bonigarcia.wdm.versions.Shell.runAndWaitNoLog(Shell.java:66)
at io.github.bonigarcia.wdm.versions.Shell.runAndWaitArray(Shell.java:55)
at io.github.bonigarcia.wdm.versions.Shell.runAndWait(Shell.java:49)
at io.github.bonigarcia.wdm.versions.VersionDetector.getBrowserVersionInWindows(VersionDetector.java:220)
at io.github.bonigarcia.wdm.versions.VersionDetector.getDefaultBrowserVersion(VersionDetector.java:180)
at io.github.bonigarcia.wdm.managers.ChromeDriverManager.getBrowserVersionFromTheShell(ChromeDriverManager.java:124)
at io.github.bonigarcia.wdm.WebDriverManager.detectBrowserVersion(WebDriverManager.java:718)
at io.github.bonigarcia.wdm.WebDriverManager.resolveDriverVersion(WebDriverManager.java:587)
at io.github.bonigarcia.wdm.WebDriverManager.manage(WebDriverManager.java:539)
at io.github.bonigarcia.wdm.WebDriverManager.setup(WebDriverManager.java:287)
at com.test.testcases.BaseTest.openBrowser(BaseTest.java:214)
at com.test.testcases.PlatformSignUpTest.signUpConversationalAI(PlatformSignUpTest.java:44)
at java.base/jdk.internal.reflect.NativeMethodAccessorImpl.invoke0(Native Method)
at java.base/jdk.internal.reflect.NativeMethodAccessorImpl.invoke(NativeMethodAccessorImpl.java:62)
at java.base/jdk.internal.reflect.DelegatingMethodAccessorImpl.invoke(DelegatingMethodAccessorImpl.java:43)
at java.base/java.lang.reflect.Method.invoke(Method.java:566)
at org.testng.internal.MethodInvocationHelper.invokeMethod(MethodInvocationHelper.java:135)
at org.testng.internal.TestInvoker.invokeMethod(TestInvoker.java:598)
at org.testng.internal.TestInvoker.invokeTestMethod(TestInvoker.java:174)
at org.testng.internal.MethodRunner.runInSequence(MethodRunner.java:46)
at org.testng.internal.TestInvoker$MethodInvocationAgent.invoke(TestInvoker.java:821)
at org.testng.internal.TestInvoker.invokeTestMethods(TestInvoker.java:147)
at org.testng.internal.TestMethodWorker.invokeTestMethods(TestMethodWorker.java:146)
at org.testng.internal.TestMethodWorker.run(TestMethodWorker.java:128)
at java.base/java.util.concurrent.ThreadPoolExecutor.runWorker(ThreadPoolExecutor.java:1128)
at java.base/java.util.concurrent.ThreadPoolExecutor$Worker.run(ThreadPoolExecutor.java:628)
at java.base/java.lang.Thread.run(Thread.java:834)
]]>
            </full-stacktrace>
          </exception> <!-- java.lang.NoSuchMethodError -->
          <reporter-output>
          </reporter-output>
        </test-method> <!-- signUpConversationalAI -->
        <test-method is-config="true" signature="afterMethod()[pri:0, instance:com.test.testcases.PlatformSignUpTest@5ace1ed4]" started-at="2020-11-30T18:25:19 IST" name="afterMethod" finished-at="2020-11-30T18:25:20 IST" duration-ms="466" status="PASS">
          <reporter-output>
          </reporter-output>
        </test-method> <!-- afterMethod -->
        <test-method is-config="true" signature="beforeMethod()[pri:0, instance:com.test.testcases.PlatformSignUpTest@5ace1ed4]" started-at="2020-11-30T18:25:20 IST" name="beforeMethod" finished-at="2020-11-30T18:25:20 IST" duration-ms="1" status="PASS">
          <reporter-output>
          </reporter-output>
        </test-method> <!-- beforeMethod -->
        <test-method signature="signUpConversationalAI(java.lang.String, java.lang.String, java.lang.String, java.lang.String)[pri:0, instance:com.test.testcases.PlatformSignUpTest@5ace1ed4]" started-at="2020-11-30T18:25:20 IST" name="signUpConversationalAI" data-provider="data" finished-at="2020-11-30T18:25:20 IST" duration-ms="579" status="FAIL">
          <params>
            <param index="0">
              <value>
                <![CDATA[Ramarajan]]>
              </value>
            </param>
            <param index="1">
              <value>
                <![CDATA[Sampath]]>
              </value>
            </param>
            <param index="2">
              <value>
                <![CDATA[testdqefewfewf@sap.com]]>
              </value>
            </param>
            <param index="3">
              <value>
                <![CDATA[Test$123]]>
              </value>
            </param>
          </params>
          <exception class="java.lang.NoSuchMethodError">
            <message>
              <![CDATA['java.lang.String org.apache.commons.io.IOUtils.toString(java.io.InputStream, java.nio.charset.Charset)']]>
            </message>
            <full-stacktrace>
              <![CDATA[java.lang.NoSuchMethodError: 'java.lang.String org.apache.commons.io.IOUtils.toString(java.io.InputStream, java.nio.charset.Charset)'
at io.github.bonigarcia.wdm.versions.Shell.runAndWaitNoLog(Shell.java:66)
at io.github.bonigarcia.wdm.versions.Shell.runAndWaitArray(Shell.java:55)
at io.github.bonigarcia.wdm.versions.Shell.runAndWait(Shell.java:49)
at io.github.bonigarcia.wdm.versions.VersionDetector.getBrowserVersionInWindows(VersionDetector.java:220)
at io.github.bonigarcia.wdm.versions.VersionDetector.getDefaultBrowserVersion(VersionDetector.java:180)
at io.github.bonigarcia.wdm.managers.ChromeDriverManager.getBrowserVersionFromTheShell(ChromeDriverManager.java:124)
at io.github.bonigarcia.wdm.WebDriverManager.detectBrowserVersion(WebDriverManager.java:718)
at io.github.bonigarcia.wdm.WebDriverManager.resolveDriverVersion(WebDriverManager.java:587)
at io.github.bonigarcia.wdm.WebDriverManager.manage(WebDriverManager.java:539)
at io.github.bonigarcia.wdm.WebDriverManager.setup(WebDriverManager.java:287)
at com.test.testcases.BaseTest.openBrowser(BaseTest.java:214)
at com.test.testcases.PlatformSignUpTest.signUpConversationalAI(PlatformSignUpTest.java:44)
at java.base/jdk.internal.reflect.NativeMethodAccessorImpl.invoke0(Native Method)
at java.base/jdk.internal.reflect.NativeMethodAccessorImpl.invoke(NativeMethodAccessorImpl.java:62)
at java.base/jdk.internal.reflect.DelegatingMethodAccessorImpl.invoke(DelegatingMethodAccessorImpl.java:43)
at java.base/java.lang.reflect.Method.invoke(Method.java:566)
at org.testng.internal.MethodInvocationHelper.invokeMethod(MethodInvocationHelper.java:135)
at org.testng.internal.TestInvoker.invokeMethod(TestInvoker.java:598)
at org.testng.internal.TestInvoker.retryFailed(TestInvoker.java:214)
at org.testng.internal.MethodRunner.runInSequence(MethodRunner.java:58)
at org.testng.internal.TestInvoker$MethodInvocationAgent.invoke(TestInvoker.java:821)
at org.testng.internal.TestInvoker.invokeTestMethods(TestInvoker.java:147)
at org.testng.internal.TestMethodWorker.invokeTestMethods(TestMethodWorker.java:146)
at org.testng.internal.TestMethodWorker.run(TestMethodWorker.java:128)
at java.base/java.util.concurrent.ThreadPoolExecutor.runWorker(ThreadPoolExecutor.java:1128)
at java.base/java.util.concurrent.ThreadPoolExecutor$Worker.run(ThreadPoolExecutor.java:628)
at java.base/java.lang.Thread.run(Thread.java:834)
]]>
            </full-stacktrace>
          </exception> <!-- java.lang.NoSuchMethodError -->
          <reporter-output>
          </reporter-output>
        </test-method> <!-- signUpConversationalAI -->
        <test-method is-config="true" signature="afterMethod()[pri:0, instance:com.test.testcases.PlatformSignUpTest@5ace1ed4]" started-at="2020-11-30T18:25:20 IST" name="afterMethod" finished-at="2020-11-30T18:25:20 IST" duration-ms="69" status="PASS">
          <reporter-output>
          </reporter-output>
        </test-method> <!-- afterMethod -->
        <test-method is-config="true" signature="beforeMethod()[pri:0, instance:com.test.testcases.PlatformSignUpTest@5ace1ed4]" started-at="2020-11-30T18:25:20 IST" name="beforeMethod" finished-at="2020-11-30T18:25:20 IST" duration-ms="1" status="PASS">
          <reporter-output>
          </reporter-output>
        </test-method> <!-- beforeMethod -->
        <test-method retried="true" signature="signUpConversationalAI(java.lang.String, java.lang.String, java.lang.String, java.lang.String)[pri:0, instance:com.test.testcases.PlatformSignUpTest@5ace1ed4]" started-at="2020-11-30T18:25:20 IST" name="signUpConversationalAI" data-provider="data" finished-at="2020-11-30T18:25:21 IST" duration-ms="532" status="SKIP">
          <params>
            <param index="0">
              <value>
                <![CDATA[Sachin]]>
              </value>
            </param>
            <param index="1">
              <value>
                <![CDATA[Tendulkar]]>
              </value>
            </param>
            <param index="2">
              <value>
                <![CDATA[test1@sap.com]]>
              </value>
            </param>
            <param index="3">
              <value>
                <![CDATA[Test$123]]>
              </value>
            </param>
          </params>
          <exception class="java.lang.NoSuchMethodError">
            <message>
              <![CDATA['java.lang.String org.apache.commons.io.IOUtils.toString(java.io.InputStream, java.nio.charset.Charset)']]>
            </message>
            <full-stacktrace>
              <![CDATA[java.lang.NoSuchMethodError: 'java.lang.String org.apache.commons.io.IOUtils.toString(java.io.InputStream, java.nio.charset.Charset)'
at io.github.bonigarcia.wdm.versions.Shell.runAndWaitNoLog(Shell.java:66)
at io.github.bonigarcia.wdm.versions.Shell.runAndWaitArray(Shell.java:55)
at io.github.bonigarcia.wdm.versions.Shell.runAndWait(Shell.java:49)
at io.github.bonigarcia.wdm.versions.VersionDetector.getBrowserVersionInWindows(VersionDetector.java:220)
at io.github.bonigarcia.wdm.versions.VersionDetector.getDefaultBrowserVersion(VersionDetector.java:180)
at io.github.bonigarcia.wdm.managers.ChromeDriverManager.getBrowserVersionFromTheShell(ChromeDriverManager.java:124)
at io.github.bonigarcia.wdm.WebDriverManager.detectBrowserVersion(WebDriverManager.java:718)
at io.github.bonigarcia.wdm.WebDriverManager.resolveDriverVersion(WebDriverManager.java:587)
at io.github.bonigarcia.wdm.WebDriverManager.manage(WebDriverManager.java:539)
at io.github.bonigarcia.wdm.WebDriverManager.setup(WebDriverManager.java:287)
at com.test.testcases.BaseTest.openBrowser(BaseTest.java:214)
at com.test.testcases.PlatformSignUpTest.signUpConversationalAI(PlatformSignUpTest.java:44)
at java.base/jdk.internal.reflect.NativeMethodAccessorImpl.invoke0(Native Method)
at java.base/jdk.internal.reflect.NativeMethodAccessorImpl.invoke(NativeMethodAccessorImpl.java:62)
at java.base/jdk.internal.reflect.DelegatingMethodAccessorImpl.invoke(DelegatingMethodAccessorImpl.java:43)
at java.base/java.lang.reflect.Method.invoke(Method.java:566)
at org.testng.internal.MethodInvocationHelper.invokeMethod(MethodInvocationHelper.java:135)
at org.testng.internal.TestInvoker.invokeMethod(TestInvoker.java:598)
at org.testng.internal.TestInvoker.invokeTestMethod(TestInvoker.java:174)
at org.testng.internal.MethodRunner.runInSequence(MethodRunner.java:46)
at org.testng.internal.TestInvoker$MethodInvocationAgent.invoke(TestInvoker.java:821)
at org.testng.internal.TestInvoker.invokeTestMethods(TestInvoker.java:147)
at org.testng.internal.TestMethodWorker.invokeTestMethods(TestMethodWorker.java:146)
at org.testng.internal.TestMethodWorker.run(TestMethodWorker.java:128)
at java.base/java.util.concurrent.ThreadPoolExecutor.runWorker(ThreadPoolExecutor.java:1128)
at java.base/java.util.concurrent.ThreadPoolExecutor$Worker.run(ThreadPoolExecutor.java:628)
at java.base/java.lang.Thread.run(Thread.java:834)
]]>
            </full-stacktrace>
          </exception> <!-- java.lang.NoSuchMethodError -->
          <reporter-output>
          </reporter-output>
        </test-method> <!-- signUpConversationalAI -->
        <test-method is-config="true" signature="afterMethod()[pri:0, instance:com.test.testcases.PlatformSignUpTest@5ace1ed4]" started-at="2020-11-30T18:25:21 IST" name="afterMethod" finished-at="2020-11-30T18:25:21 IST" duration-ms="48" status="PASS">
          <reporter-output>
          </reporter-output>
        </test-method> <!-- afterMethod -->
        <test-method signature="signUpConversationalAI(java.lang.String, java.lang.String, java.lang.String, java.lang.String)[pri:0, instance:com.test.testcases.PlatformSignUpTest@5ace1ed4]" started-at="2020-11-30T18:25:21 IST" name="signUpConversationalAI" data-provider="data" finished-at="2020-11-30T18:25:22 IST" duration-ms="555" status="FAIL">
          <params>
            <param index="0">
              <value>
                <![CDATA[Sachin]]>
              </value>
            </param>
            <param index="1">
              <value>
                <![CDATA[Tendulkar]]>
              </value>
            </param>
            <param index="2">
              <value>
                <![CDATA[test1@sap.com]]>
              </value>
            </param>
            <param index="3">
              <value>
                <![CDATA[Test$123]]>
              </value>
            </param>
          </params>
          <exception class="java.lang.NoSuchMethodError">
            <message>
              <![CDATA['java.lang.String org.apache.commons.io.IOUtils.toString(java.io.InputStream, java.nio.charset.Charset)']]>
            </message>
            <full-stacktrace>
              <![CDATA[java.lang.NoSuchMethodError: 'java.lang.String org.apache.commons.io.IOUtils.toString(java.io.InputStream, java.nio.charset.Charset)'
at io.github.bonigarcia.wdm.versions.Shell.runAndWaitNoLog(Shell.java:66)
at io.github.bonigarcia.wdm.versions.Shell.runAndWaitArray(Shell.java:55)
at io.github.bonigarcia.wdm.versions.Shell.runAndWait(Shell.java:49)
at io.github.bonigarcia.wdm.versions.VersionDetector.getBrowserVersionInWindows(VersionDetector.java:220)
at io.github.bonigarcia.wdm.versions.VersionDetector.getDefaultBrowserVersion(VersionDetector.java:180)
at io.github.bonigarcia.wdm.managers.ChromeDriverManager.getBrowserVersionFromTheShell(ChromeDriverManager.java:124)
at io.github.bonigarcia.wdm.WebDriverManager.detectBrowserVersion(WebDriverManager.java:718)
at io.github.bonigarcia.wdm.WebDriverManager.resolveDriverVersion(WebDriverManager.java:587)
at io.github.bonigarcia.wdm.WebDriverManager.manage(WebDriverManager.java:539)
at io.github.bonigarcia.wdm.WebDriverManager.setup(WebDriverManager.java:287)
at com.test.testcases.BaseTest.openBrowser(BaseTest.java:214)
at com.test.testcases.PlatformSignUpTest.signUpConversationalAI(PlatformSignUpTest.java:44)
at java.base/jdk.internal.reflect.NativeMethodAccessorImpl.invoke0(Native Method)
at java.base/jdk.internal.reflect.NativeMethodAccessorImpl.invoke(NativeMethodAccessorImpl.java:62)
at java.base/jdk.internal.reflect.DelegatingMethodAccessorImpl.invoke(DelegatingMethodAccessorImpl.java:43)
at java.base/java.lang.reflect.Method.invoke(Method.java:566)
at org.testng.internal.MethodInvocationHelper.invokeMethod(MethodInvocationHelper.java:135)
at org.testng.internal.TestInvoker.invokeMethod(TestInvoker.java:598)
at org.testng.internal.TestInvoker.retryFailed(TestInvoker.java:214)
at org.testng.internal.MethodRunner.runInSequence(MethodRunner.java:58)
at org.testng.internal.TestInvoker$MethodInvocationAgent.invoke(TestInvoker.java:821)
at org.testng.internal.TestInvoker.invokeTestMethods(TestInvoker.java:147)
at org.testng.internal.TestMethodWorker.invokeTestMethods(TestMethodWorker.java:146)
at org.testng.internal.TestMethodWorker.run(TestMethodWorker.java:128)
at java.base/java.util.concurrent.ThreadPoolExecutor.runWorker(ThreadPoolExecutor.java:1128)
at java.base/java.util.concurrent.ThreadPoolExecutor$Worker.run(ThreadPoolExecutor.java:628)
at java.base/java.lang.Thread.run(Thread.java:834)
]]>
            </full-stacktrace>
          </exception> <!-- java.lang.NoSuchMethodError -->
          <reporter-output>
          </reporter-output>
        </test-method> <!-- signUpConversationalAI -->
        <test-method is-config="true" signature="beforeMethod()[pri:0, instance:com.test.testcases.PlatformSignUpTest@5ace1ed4]" started-at="2020-11-30T18:25:21 IST" name="beforeMethod" finished-at="2020-11-30T18:25:21 IST" duration-ms="0" status="PASS">
          <reporter-output>
          </reporter-output>
        </test-method> <!-- beforeMethod -->
        <test-method is-config="true" signature="afterMethod()[pri:0, instance:com.test.testcases.PlatformSignUpTest@5ace1ed4]" started-at="2020-11-30T18:25:22 IST" name="afterMethod" finished-at="2020-11-30T18:25:22 IST" duration-ms="84" status="PASS">
          <reporter-output>
          </reporter-output>
        </test-method> <!-- afterMethod -->
        <test-method is-config="true" signature="beforeMethod()[pri:0, instance:com.test.testcases.PlatformSignUpTest@5ace1ed4]" started-at="2020-11-30T18:25:22 IST" name="beforeMethod" finished-at="2020-11-30T18:25:22 IST" duration-ms="0" status="PASS">
          <reporter-output>
          </reporter-output>
        </test-method> <!-- beforeMethod -->
        <test-method retried="true" signature="signUpConversationalAI(java.lang.String, java.lang.String, java.lang.String, java.lang.String)[pri:0, instance:com.test.testcases.PlatformSignUpTest@5ace1ed4]" started-at="2020-11-30T18:25:22 IST" name="signUpConversationalAI" data-provider="data" finished-at="2020-11-30T18:25:22 IST" duration-ms="615" status="SKIP">
          <params>
            <param index="0">
              <value>
                <![CDATA[Jan]]>
              </value>
            </param>
            <param index="1">
              <value>
                <![CDATA[Gilg]]>
              </value>
            </param>
            <param index="2">
              <value>
                <![CDATA[test3@sap.com]]>
              </value>
            </param>
            <param index="3">
              <value>
                <![CDATA[Test$123]]>
              </value>
            </param>
          </params>
          <exception class="java.lang.NoSuchMethodError">
            <message>
              <![CDATA['java.lang.String org.apache.commons.io.IOUtils.toString(java.io.InputStream, java.nio.charset.Charset)']]>
            </message>
            <full-stacktrace>
              <![CDATA[java.lang.NoSuchMethodError: 'java.lang.String org.apache.commons.io.IOUtils.toString(java.io.InputStream, java.nio.charset.Charset)'
at io.github.bonigarcia.wdm.versions.Shell.runAndWaitNoLog(Shell.java:66)
at io.github.bonigarcia.wdm.versions.Shell.runAndWaitArray(Shell.java:55)
at io.github.bonigarcia.wdm.versions.Shell.runAndWait(Shell.java:49)
at io.github.bonigarcia.wdm.versions.VersionDetector.getBrowserVersionInWindows(VersionDetector.java:220)
at io.github.bonigarcia.wdm.versions.VersionDetector.getDefaultBrowserVersion(VersionDetector.java:180)
at io.github.bonigarcia.wdm.managers.ChromeDriverManager.getBrowserVersionFromTheShell(ChromeDriverManager.java:124)
at io.github.bonigarcia.wdm.WebDriverManager.detectBrowserVersion(WebDriverManager.java:718)
at io.github.bonigarcia.wdm.WebDriverManager.resolveDriverVersion(WebDriverManager.java:587)
at io.github.bonigarcia.wdm.WebDriverManager.manage(WebDriverManager.java:539)
at io.github.bonigarcia.wdm.WebDriverManager.setup(WebDriverManager.java:287)
at com.test.testcases.BaseTest.openBrowser(BaseTest.java:214)
at com.test.testcases.PlatformSignUpTest.signUpConversationalAI(PlatformSignUpTest.java:44)
at java.base/jdk.internal.reflect.NativeMethodAccessorImpl.invoke0(Native Method)
at java.base/jdk.internal.reflect.NativeMethodAccessorImpl.invoke(NativeMethodAccessorImpl.java:62)
at java.base/jdk.internal.reflect.DelegatingMethodAccessorImpl.invoke(DelegatingMethodAccessorImpl.java:43)
at java.base/java.lang.reflect.Method.invoke(Method.java:566)
at org.testng.internal.MethodInvocationHelper.invokeMethod(MethodInvocationHelper.java:135)
at org.testng.internal.TestInvoker.invokeMethod(TestInvoker.java:598)
at org.testng.internal.TestInvoker.invokeTestMethod(TestInvoker.java:174)
at org.testng.internal.MethodRunner.runInSequence(MethodRunner.java:46)
at org.testng.internal.TestInvoker$MethodInvocationAgent.invoke(TestInvoker.java:821)
at org.testng.internal.TestInvoker.invokeTestMethods(TestInvoker.java:147)
at org.testng.internal.TestMethodWorker.invokeTestMethods(TestMethodWorker.java:146)
at org.testng.internal.TestMethodWorker.run(TestMethodWorker.java:128)
at java.base/java.util.concurrent.ThreadPoolExecutor.runWorker(ThreadPoolExecutor.java:1128)
at java.base/java.util.concurrent.ThreadPoolExecutor$Worker.run(ThreadPoolExecutor.java:628)
at java.base/java.lang.Thread.run(Thread.java:834)
]]>
            </full-stacktrace>
          </exception> <!-- java.lang.NoSuchMethodError -->
          <reporter-output>
          </reporter-output>
        </test-method> <!-- signUpConversationalAI -->
        <test-method is-config="true" signature="afterMethod()[pri:0, instance:com.test.testcases.PlatformSignUpTest@5ace1ed4]" started-at="2020-11-30T18:25:22 IST" name="afterMethod" finished-at="2020-11-30T18:25:22 IST" duration-ms="38" status="PASS">
          <reporter-output>
          </reporter-output>
        </test-method> <!-- afterMethod -->
        <test-method is-config="true" signature="beforeMethod()[pri:0, instance:com.test.testcases.PlatformSignUpTest@5ace1ed4]" started-at="2020-11-30T18:25:22 IST" name="beforeMethod" finished-at="2020-11-30T18:25:22 IST" duration-ms="1" status="PASS">
          <reporter-output>
          </reporter-output>
        </test-method> <!-- beforeMethod -->
        <test-method signature="signUpConversationalAI(java.lang.String, java.lang.String, java.lang.String, java.lang.String)[pri:0, instance:com.test.testcases.PlatformSignUpTest@5ace1ed4]" started-at="2020-11-30T18:25:22 IST" name="signUpConversationalAI" data-provider="data" finished-at="2020-11-30T18:25:23 IST" duration-ms="450" status="FAIL">
          <params>
            <param index="0">
              <value>
                <![CDATA[Jan]]>
              </value>
            </param>
            <param index="1">
              <value>
                <![CDATA[Gilg]]>
              </value>
            </param>
            <param index="2">
              <value>
                <![CDATA[test3@sap.com]]>
              </value>
            </param>
            <param index="3">
              <value>
                <![CDATA[Test$123]]>
              </value>
            </param>
          </params>
          <exception class="java.lang.NoSuchMethodError">
            <message>
              <![CDATA['java.lang.String org.apache.commons.io.IOUtils.toString(java.io.InputStream, java.nio.charset.Charset)']]>
            </message>
            <full-stacktrace>
              <![CDATA[java.lang.NoSuchMethodError: 'java.lang.String org.apache.commons.io.IOUtils.toString(java.io.InputStream, java.nio.charset.Charset)'
at io.github.bonigarcia.wdm.versions.Shell.runAndWaitNoLog(Shell.java:66)
at io.github.bonigarcia.wdm.versions.Shell.runAndWaitArray(Shell.java:55)
at io.github.bonigarcia.wdm.versions.Shell.runAndWait(Shell.java:49)
at io.github.bonigarcia.wdm.versions.VersionDetector.getBrowserVersionInWindows(VersionDetector.java:220)
at io.github.bonigarcia.wdm.versions.VersionDetector.getDefaultBrowserVersion(VersionDetector.java:180)
at io.github.bonigarcia.wdm.managers.ChromeDriverManager.getBrowserVersionFromTheShell(ChromeDriverManager.java:124)
at io.github.bonigarcia.wdm.WebDriverManager.detectBrowserVersion(WebDriverManager.java:718)
at io.github.bonigarcia.wdm.WebDriverManager.resolveDriverVersion(WebDriverManager.java:587)
at io.github.bonigarcia.wdm.WebDriverManager.manage(WebDriverManager.java:539)
at io.github.bonigarcia.wdm.WebDriverManager.setup(WebDriverManager.java:287)
at com.test.testcases.BaseTest.openBrowser(BaseTest.java:214)
at com.test.testcases.PlatformSignUpTest.signUpConversationalAI(PlatformSignUpTest.java:44)
at java.base/jdk.internal.reflect.NativeMethodAccessorImpl.invoke0(Native Method)
at java.base/jdk.internal.reflect.NativeMethodAccessorImpl.invoke(NativeMethodAccessorImpl.java:62)
at java.base/jdk.internal.reflect.DelegatingMethodAccessorImpl.invoke(DelegatingMethodAccessorImpl.java:43)
at java.base/java.lang.reflect.Method.invoke(Method.java:566)
at org.testng.internal.MethodInvocationHelper.invokeMethod(MethodInvocationHelper.java:135)
at org.testng.internal.TestInvoker.invokeMethod(TestInvoker.java:598)
at org.testng.internal.TestInvoker.retryFailed(TestInvoker.java:214)
at org.testng.internal.MethodRunner.runInSequence(MethodRunner.java:58)
at org.testng.internal.TestInvoker$MethodInvocationAgent.invoke(TestInvoker.java:821)
at org.testng.internal.TestInvoker.invokeTestMethods(TestInvoker.java:147)
at org.testng.internal.TestMethodWorker.invokeTestMethods(TestMethodWorker.java:146)
at org.testng.internal.TestMethodWorker.run(TestMethodWorker.java:128)
at java.base/java.util.concurrent.ThreadPoolExecutor.runWorker(ThreadPoolExecutor.java:1128)
at java.base/java.util.concurrent.ThreadPoolExecutor$Worker.run(ThreadPoolExecutor.java:628)
at java.base/java.lang.Thread.run(Thread.java:834)
]]>
            </full-stacktrace>
          </exception> <!-- java.lang.NoSuchMethodError -->
          <reporter-output>
          </reporter-output>
        </test-method> <!-- signUpConversationalAI -->
        <test-method is-config="true" signature="afterMethod()[pri:0, instance:com.test.testcases.PlatformSignUpTest@5ace1ed4]" started-at="2020-11-30T18:25:23 IST" name="afterMethod" finished-at="2020-11-30T18:25:23 IST" duration-ms="47" status="PASS">
          <reporter-output>
          </reporter-output>
        </test-method> <!-- afterMethod -->
        <test-method is-config="true" signature="afterSuite()[pri:0, instance:com.test.testcases.PlatformSignUpTest@5ace1ed4]" started-at="2020-11-30T18:25:23 IST" name="afterSuite" finished-at="2020-11-30T18:25:23 IST" duration-ms="1" status="PASS">
          <reporter-output>
          </reporter-output>
        </test-method> <!-- afterSuite -->
      </class> <!-- com.test.testcases.PlatformSignUpTest -->
    </test> <!-- Platform Sign Up -->
  </suite> <!-- Platform Suite -->
</testng-results>
