<?xml version="1.0" encoding="UTF-8"?>
<!-- Generated by org.testng.reporters.JUnitXMLReporter -->
<testsuite ignored="0" hostname="W-7FM3M13" failures="0" tests="3" name="Platform Sign Up" time="155.769" errors="0" timestamp="2020-11-03T22:53:27 IST">
  <testcase classname="com.test.testcases.Test_SignUpCAI_ExtntRpt" name="signUpConversationalAI" time="48.823"/>
  <testcase classname="com.test.testcases.Test_SignUpCAI_ExtntRpt" name="signUpConversationalAI" time="47.758"/>
  <testcase classname="com.test.testcases.Test_SignUpCAI_ExtntRpt" name="signUpConversationalAI" time="55.393"/>
</testsuite> <!-- Platform Sign Up -->
